This is LuaHBTeX, Version 1.13.0 (MiKTeX 21.3) (format=lualatex 2021.5.9)  15 MAY 2021 21:54
 system commands enabled.
**Compline_Office_1.tex
(./Compline_Office_1.tex
LaTeX2e <2018-12-01>
Lua module: luaotfload-main 2018-10-28 2.93 luaotfload entry point
Lua module: luaotfload-init 2018-10-28 2.93 luaotfload submodule / initializatio
n
Lua module: lualibs 2018-10-18 2.61 ConTeXt Lua standard libraries.
Lua module: lualibs-extended 2018-10-18 2.61 ConTeXt Lua libraries -- extended c
ollection.
Lua module: luaotfload-log 2018-10-28 2.93 luaotfload submodule / logging
Lua module: luaotfload-parsers 2018-10-28 2.93 luaotfload submodule / filelist
Lua module: luaotfload-configuration 2018-10-28 2.93 luaotfload submodule / conf
ig file reader
luaotfload | conf : Root cache directory is C:/Users/Dan/AppData/Local/MiKTeX/2.
9/luatex-cache/generic/names.
luaotfload | init : Loading fontloader “fontloader-2018-10-28.lua” from kpse
-resolved path “C:/Users/Dan/AppData/Local/Programs/MiKTeX 2.9/tex/luatex/luao
tfload/fontloader-2018-10-28.lua”.
Lua-only attribute luaotfload@state = 1
Lua-only attribute luaotfload@noligature = 2
Lua-only attribute luaotfload@syllabe = 3
luaotfload | init : Context OpenType loader version “3.106”
Inserting `luaotfload.node_processor' at position 1 in `pre_linebreak_filter'.
Inserting `luaotfload.node_processor' at position 1 in `hpack_filter'.
Lua module: luaotfload-loaders 2018-10-28 2.93 luaotfload submodule / callback h
andling
Inserting `luaotfload.define_font' at position 1 in `define_font'.
Lua module: luaotfload-database 2018-10-28 2.93 luaotfload submodule / database
Lua module: luaotfload-colors 2018-10-28 2.93 luaotfload submodule / color
Lua-only attribute luaotfload_color_attribute = 4
Lua module: luaotfload-resolvers 2018-10-28 2.93 luaotfload submodule / resolver
s
luaotfload | conf : Root cache directory is C:/Users/Dan/AppData/Local/MiKTeX/2.
9/luatex-cache/generic/names.
Lua module: luaotfload-features 2018-10-28 2.93 luaotfload submodule / features
Lua module: luaotfload-letterspace 2018-10-28 2.93 luaotfload submodule / color
Lua module: luaotfload-auxiliary 2018-10-28 2.93 luaotfload submodule / auxiliar
y functions
Inserting `luaotfload.aux.set_sscale_dimens' at position 1 in `luaotfload.patch_
font'.
Inserting `luaotfload.aux.patch_cambria_domh' at position 2 in `luaotfload.patch
_font'.
Inserting `luaotfload.aux.fixup_fontdata' at position 1 in `luaotfload.patch_fon
t_unsafe'.
Inserting `luaotfload.aux.set_capheight' at position 3 in `luaotfload.patch_font
'.
Inserting `luaotfload.rewrite_fontname' at position 4 in `luaotfload.patch_font'
.
luaotfload | main : initialization completed in 2.372 seconds
("C:/Users/Dan/AppData/Local/Programs/MiKTeX 2.9/tex/latex/base/report.cls"
Document Class: report 2018/09/03 v1.4i Standard LaTeX document class
("C:/Users/Dan/AppData/Local/Programs/MiKTeX 2.9/tex/latex/base/size11.clo"
File: size11.clo 2018/09/03 v1.4i Standard LaTeX file (size option)
luaotfload | db : Font names database loaded from C:/Users/Dan/AppData/Local/MiK
TeX/2.9/luatex-cache/generic/names/luaotfload-names.luc)
\c@part=\count80
\c@chapter=\count81
\c@section=\count82
\c@subsection=\count83
\c@subsubsection=\count84
\c@paragraph=\count85
\c@subparagraph=\count86
\c@figure=\count87
\c@table=\count88
\abovecaptionskip=\skip41
\belowcaptionskip=\skip42
\bibindent=\dimen102
)
("C:/Users/Dan/AppData/Local/Programs/MiKTeX 2.9/tex/latex/fontspec/fontspec.st
y"
("C:/Users/Dan/AppData/Local/Programs/MiKTeX 2.9/tex/latex/l3packages/xparse/xp
arse.sty"
("C:/Users/Dan/AppData/Local/Programs/MiKTeX 2.9/tex/latex/l3kernel/expl3.sty"
Package: expl3 2021-05-07 L3 programming layer (loader) 

("C:/Users/Dan/AppData/Local/Programs/MiKTeX 2.9/tex/latex/l3kernel/expl3-code.
tex"
Package: expl3 2021-05-07 L3 programming layer (code)
Lua function tex_strcmp:D = 1
Lua function tex_Ucharcat:D = 2
Lua function tex_filesize:D = 3
Lua function tex_mdfivesum:D = 4
Lua function tex_filemoddate:D = 5
Lua function tex_filedump:D = 6
Lua function __sys_shell_now:e = 7
Lua function __sys_shell_shipout:e = 8
Lua function __token_if_primitive_lua:N = 9
\c_max_int=\count89
\l_tmpa_int=\count90
\l_tmpb_int=\count91
\g_tmpa_int=\count92
\g_tmpb_int=\count93
\l__seq_internal_a_int=\count94
\l__seq_internal_b_int=\count95
\g__kernel_prg_map_int=\count96
\c__ior_term_noprompt_ior=\count97
\c_log_iow=\count98
\l_iow_line_count_int=\count99
\l__iow_line_target_int=\count100
\l__iow_one_indent_int=\count101
\l__iow_indent_int=\count102
\c_zero_dim=\dimen103
\c_max_dim=\dimen104
\l_tmpa_dim=\dimen105
\l_tmpb_dim=\dimen106
\g_tmpa_dim=\dimen107
\g_tmpb_dim=\dimen108
\c_zero_skip=\skip43
\c_max_skip=\skip44
\l_tmpa_skip=\skip45
\l_tmpb_skip=\skip46
\g_tmpa_skip=\skip47
\g_tmpb_skip=\skip48
\c_zero_muskip=\muskip10
\c_max_muskip=\muskip11
\l_tmpa_muskip=\muskip12
\l_tmpb_muskip=\muskip13
\g_tmpa_muskip=\muskip14
\g_tmpb_muskip=\muskip15
\l_keys_choice_int=\count103
\l__intarray_loop_int=\count104
\c__intarray_sp_dim=\dimen109
\g__intarray_font_int=\count105
\c__fp_leading_shift_int=\count106
\c__fp_middle_shift_int=\count107
\c__fp_trailing_shift_int=\count108
\c__fp_big_leading_shift_int=\count109
\c__fp_big_middle_shift_int=\count110
\c__fp_big_trailing_shift_int=\count111
\c__fp_Bigg_leading_shift_int=\count112
\c__fp_Bigg_middle_shift_int=\count113
\c__fp_Bigg_trailing_shift_int=\count114
\g__fp_array_int=\count115
\l__fp_array_loop_int=\count116
\g__cctab_allocate_int=\count117
\g__cctab_internal_cctab=\catcodetable5
\c_initex_cctab=\catcodetable6
\c_other_cctab=\catcodetable7
\g__cctab_internali_cctab=\catcodetable8
\c_str_cctab=\catcodetable9
\c_code_cctab=\catcodetable10
\c_document_cctab=\catcodetable11
\l__sort_length_int=\count118
\l__sort_min_int=\count119
\l__sort_top_int=\count120
\l__sort_max_int=\count121
\l__sort_true_max_int=\count122
\l__sort_block_int=\count123
\l__sort_begin_int=\count124
\l__sort_end_int=\count125
\l__sort_A_int=\count126
\l__sort_B_int=\count127
\l__sort_C_int=\count128
\l__str_modulo_int=\count129
\l__tl_analysis_normal_int=\count130
\l__tl_analysis_index_int=\count131
\l__tl_analysis_nesting_int=\count132
\l__tl_analysis_type_int=\count133
\l__tl_peek_charcode_int=\count134
\l__regex_internal_a_int=\count135
\l__regex_internal_b_int=\count136
\l__regex_internal_c_int=\count137
\l__regex_balance_int=\count138
\l__regex_group_level_int=\count139
\l__regex_mode_int=\count140
\c__regex_cs_in_class_mode_int=\count141
\c__regex_cs_mode_int=\count142
\l__regex_catcodes_int=\count143
\l__regex_default_catcodes_int=\count144
\c__regex_catcode_L_int=\count145
\c__regex_catcode_O_int=\count146
\c__regex_catcode_A_int=\count147
\c__regex_all_catcodes_int=\count148
\l__regex_show_lines_int=\count149
\l__regex_min_state_int=\count150
\l__regex_max_state_int=\count151
\l__regex_left_state_int=\count152
\l__regex_right_state_int=\count153
\l__regex_capturing_group_int=\count154
\l__regex_min_pos_int=\count155
\l__regex_max_pos_int=\count156
\l__regex_curr_pos_int=\count157
\l__regex_start_pos_int=\count158
\l__regex_success_pos_int=\count159
\l__regex_curr_char_int=\count160
\l__regex_curr_catcode_int=\count161
\l__regex_last_char_int=\count162
\l__regex_last_char_success_int=\count163
\l__regex_case_changed_char_int=\count164
\l__regex_curr_state_int=\count165
\l__regex_step_int=\count166
\l__regex_min_thread_int=\count167
\l__regex_max_thread_int=\count168
\l__regex_replacement_csnames_int=\count169
\l__regex_match_count_int=\count170
\l__regex_min_submatch_int=\count171
\l__regex_submatch_int=\count172
\l__regex_zeroth_submatch_int=\count173
\g__regex_trace_regex_int=\count174
\c_empty_box=\box27
\l_tmpa_box=\box28
\l_tmpb_box=\box29
\g_tmpa_box=\box30
\g_tmpb_box=\box31
\l__box_top_dim=\dimen110
\l__box_bottom_dim=\dimen111
\l__box_left_dim=\dimen112
\l__box_right_dim=\dimen113
\l__box_top_new_dim=\dimen114
\l__box_bottom_new_dim=\dimen115
\l__box_left_new_dim=\dimen116
\l__box_right_new_dim=\dimen117
\l__box_internal_box=\box32
\l__color_internal_int=\count175
\g__color_model_int=\count176
\l__coffin_internal_box=\box33
\l__coffin_internal_dim=\dimen118
\l__coffin_offset_x_dim=\dimen119
\l__coffin_offset_y_dim=\dimen120
\l__coffin_x_dim=\dimen121
\l__coffin_y_dim=\dimen122
\l__coffin_x_prime_dim=\dimen123
\l__coffin_y_prime_dim=\dimen124
\c_empty_coffin=\box34
\l__coffin_aligned_coffin=\box35
\l__coffin_aligned_internal_coffin=\box36
\l_tmpa_coffin=\box37
\l_tmpb_coffin=\box38
\g_tmpa_coffin=\box39
\g_tmpb_coffin=\box40
\l__coffin_bounding_shift_dim=\dimen125
\l__coffin_left_corner_dim=\dimen126
\l__coffin_right_corner_dim=\dimen127
\l__coffin_bottom_corner_dim=\dimen128
\l__coffin_top_corner_dim=\dimen129
\l__coffin_scaled_total_height_dim=\dimen130
\l__coffin_scaled_width_dim=\dimen131
\c__coffin_empty_coffin=\box41
\l__coffin_display_coffin=\box42
\l__coffin_display_coord_coffin=\box43
\l__coffin_display_pole_coffin=\box44
\l__coffin_display_offset_dim=\dimen132
\l__coffin_display_x_dim=\dimen133
\l__coffin_display_y_dim=\dimen134
\g__char_data_ior=\read1

("C:/Users/Dan/AppData/Local/Programs/MiKTeX 2.9/tex/latex/l3kernel/l3deprecati
on.def"
File: l3deprecation.def 2019-04-06 v L3 Deprecated functions
))
("C:/Users/Dan/AppData/Local/Programs/MiKTeX 2.9/tex/latex/l3backend/l3backend-
luatex.def"
File: l3backend-luatex.def 2021-05-07 L3 backend support: PDF output (LuaTeX)
\l__color_backend_stack_int=\count177
\l__pdf_internal_box=\box45
))
("C:/Users/Dan/AppData/Local/Programs/MiKTeX 2.9/tex/latex/l3packages/xparse/xp
arse-2018-04-12.sty"
\l__xparse_current_arg_int=\count178
\g__xparse_grabber_int=\count179
\l__xparse_m_args_int=\count180
\l__xparse_v_nesting_int=\count181
))
Package: fontspec 2018/07/30 vv2.6h Font selection for XeLaTeX and LuaLaTeX
Lua module: fontspec 2018/07/30 v2.6h Font selection for XeLaTeX and LuaLaTeX
("C:/Users/Dan/AppData/Local/Programs/MiKTeX 2.9/tex/latex/fontspec/fontspec-lu
atex.sty"
Package: fontspec-luatex 2018/07/30 vv2.6h Font selection for XeLaTeX and LuaLa
TeX
\l__fontspec_script_int=\count182
\l__fontspec_language_int=\count183
\l__fontspec_strnum_int=\count184
\l__fontspec_tmp_int=\count185
\l__fontspec_em_int=\count186
\l__fontspec_emdef_int=\count187
\l__fontspec_strong_int=\count188
\l__fontspec_strongdef_int=\count189
\l__fontspec_tmpa_dim=\dimen135
\l__fontspec_tmpb_dim=\dimen136
\l__fontspec_tmpc_dim=\dimen137

("C:/Users/Dan/AppData/Local/Programs/MiKTeX 2.9/tex/latex/base/fontenc.sty"
Package: fontenc 2018/08/11 v2.0j Standard LaTeX package

("C:/Users/Dan/AppData/Local/Programs/MiKTeX 2.9/tex/latex/base/tuenc.def"
File: tuenc.def 2018/08/11 v2.0j Standard LaTeX file
LaTeX Font Info:    Redeclaring font encoding TU on input line 82.
))
("C:/Users/Dan/AppData/Local/Programs/MiKTeX 2.9/tex/latex/fontspec/fontspec.cf
g")
LaTeX Info: Redefining \itshape on input line 3644.
LaTeX Info: Redefining \slshape on input line 3649.
LaTeX Info: Redefining \scshape on input line 3654.
LaTeX Info: Redefining \upshape on input line 3659.
LaTeX Info: Redefining \em on input line 3689.
LaTeX Info: Redefining \emph on input line 3714.
LaTeX Info: Redefining \- on input line 3768.
))
("C:/Users/Dan/AppData/Local/Programs/MiKTeX 2.9/tex/latex/base/inputenc.sty"
Package: inputenc 2018/08/11 v1.3c Input encoding file
\inpenc@prehook=\toks14
\inpenc@posthook=\toks15


Package inputenc Warning: inputenc package ignored with utf8 based engines.

)
("C:/Users/Dan/AppData/Local/Programs/MiKTeX 2.9/tex/latex/mathdesign/mathdesig
n.sty"
Package: mathdesign 2013/08/29 v2.31 Math Design Project

("C:/Users/Dan/AppData/Local/Programs/MiKTeX 2.9/tex/latex/graphics/keyval.sty"
Package: keyval 2014/10/28 v1.15 key=value parser (DPC)
\KV@toks@=\toks16
) ("C:/Users/Dan/AppData/Local/Programs/MiKTeX 2.9/tex/latex/base/ifthen.sty"
Package: ifthen 2014/09/29 v1.1c Standard LaTeX ifthen package (DPC)
)
("C:/Users/Dan/AppData/Local/Programs/MiKTeX 2.9/tex/latex/mathdesign/mdbch/mdb
ch.cfg")
("C:/Users/Dan/AppData/Local/Programs/MiKTeX 2.9/tex/latex/mathdesign/mdbch/mdb
ch.sty"
Package: mdbch 2013/08/29 v2.31 bitstream bitstream charter + mdbch (Math Desig
n Project)

("C:/Users/Dan/AppData/Local/Programs/MiKTeX 2.9/tex/latex/mathdesign/mdfont.de
f"
File: mdfont.def 2013/08/29 v2.31 (Math Design Project)
)
("C:/Users/Dan/AppData/Local/Programs/MiKTeX 2.9/tex/latex/mathdesign/mdsffont.
def"
File: mdsffont.def 2013/08/29 v2.31 (Math Design Project)
)
("C:/Users/Dan/AppData/Local/Programs/MiKTeX 2.9/tex/latex/mathdesign/mdttfont.
def"
File: mdttfont.def 2013/08/29 v2.31 (Math Design Project)
)
\symmdcal=\mathgroup4
LaTeX Font Info:    Overwriting symbol font `mdcal' in version `bold'
(Font)                  OMS/mdbch/m/n --> OMS/mdbch/b/n on input line 97.
\symmdscr=\mathgroup5
LaTeX Font Info:    Overwriting symbol font `mdscr' in version `bold'
(Font)                  OMS/mdbch/m/n --> OMS/mdbch/b/n on input line 103.
LaTeX Font Info:    Overwriting math alphabet `\mathfrak' in version `bold'
(Font)                  U/xmdeuf/m/n --> U/xmdeuf/b/n on input line 110.
LaTeX Font Info:    Overwriting symbol font `operators' in version `normal'
(Font)                  OT1/cmr/m/n --> OT1/mdbch/m/n on input line 121.
LaTeX Font Info:    Overwriting symbol font `letters' in version `normal'
(Font)                  OML/cmm/m/it --> OML/mdbch/m/it on input line 122.
LaTeX Font Info:    Overwriting symbol font `symbols' in version `normal'
(Font)                  OMS/cmsy/m/n --> OMS/mdbch/m/n on input line 123.
LaTeX Font Info:    Overwriting symbol font `largesymbols' in version `normal'
(Font)                  OMX/cmex/m/n --> OMX/mdbch/m/n on input line 124.
LaTeX Font Info:    Overwriting symbol font `operators' in version `bold'
(Font)                  OT1/cmr/bx/n --> OT1/mdbch/b/n on input line 126.
LaTeX Font Info:    Overwriting symbol font `letters' in version `bold'
(Font)                  OML/cmm/b/it --> OML/mdbch/b/it on input line 127.
LaTeX Font Info:    Overwriting symbol font `symbols' in version `bold'
(Font)                  OMS/cmsy/b/n --> OMS/mdbch/b/n on input line 128.
LaTeX Font Info:    Overwriting symbol font `largesymbols' in version `bold'
(Font)                  OMX/cmex/m/n --> OMX/mdbch/b/n on input line 129.
LaTeX Font Info:    Overwriting math alphabet `\mathrm' in version `normal'
(Font)                  OT1/mdbch/m/n --> TU/mdbch/m/n on input line 131.
LaTeX Font Info:    Overwriting math alphabet `\mathbf' in version `normal'
(Font)                  OT1/cmr/bx/n --> TU/mdbch/b/n on input line 132.
LaTeX Font Info:    Overwriting math alphabet `\mathit' in version `normal'
(Font)                  OT1/cmr/m/it --> TU/mdbch/m/it on input line 133.
LaTeX Font Info:    Overwriting math alphabet `\mathsf' in version `normal'
(Font)                  OT1/cmss/m/n --> TU/lmss/m/n on input line 134.
LaTeX Font Info:    Overwriting math alphabet `\mathtt' in version `normal'
(Font)                  OT1/cmtt/m/n --> TU/lmtt/m/n on input line 135.
LaTeX Font Info:    Overwriting math alphabet `\mathrm' in version `bold'
(Font)                  OT1/mdbch/b/n --> TU/mdbch/b/n on input line 137.
LaTeX Font Info:    Overwriting math alphabet `\mathbf' in version `bold'
(Font)                  OT1/cmr/bx/n --> TU/mdbch/b/n on input line 138.
LaTeX Font Info:    Overwriting math alphabet `\mathit' in version `bold'
(Font)                  OT1/cmr/bx/it --> TU/mdbch/b/it on input line 139.
LaTeX Font Info:    Overwriting math alphabet `\mathsf' in version `bold'
(Font)                  OT1/cmss/bx/n --> TU/lmss/b/n on input line 140.
LaTeX Font Info:    Overwriting math alphabet `\mathtt' in version `bold'
(Font)                  OT1/cmtt/m/n --> TU/lmtt/b/n on input line 141.
\symlettersupright=\mathgroup6
LaTeX Font Info:    Overwriting symbol font `lettersupright' in version `bold'
(Font)                  OML/mdbch/m/n --> OML/mdbch/b/n on input line 144.
LaTeX Font Info:    Redeclaring math alphabet \mathrm on input line 145.
LaTeX Font Info:    Overwriting math alphabet `\mathcal' in version `normal'
(Font)                  OMS/mdbch/m/n --> OMS/mdbch/m/n on input line 167.

("C:/Users/Dan/AppData/Local/Programs/MiKTeX 2.9/tex/latex/xkeyval/xkeyval.sty"
Package: xkeyval 2014/12/03 v2.7a package option processing (HA)

("C:/Users/Dan/AppData/Local/Programs/MiKTeX 2.9/tex/generic/xkeyval/xkeyval.te
x"
("C:/Users/Dan/AppData/Local/Programs/MiKTeX 2.9/tex/generic/xkeyval/xkvutils.t
ex"
\XKV@toks=\toks17
\XKV@tempa@toks=\toks18
)
\XKV@depth=\count190
File: xkeyval.tex 2014/12/03 v2.7a key=value parser (HA)
))
LaTeX Font Info:    Try loading font information for TU+mdbch on input line 186
.
LaTeX Font Info:    No file TUmdbch.fd. on input line 186.


LaTeX Font Warning: Font shape `TU/mdbch/m/n' undefined
(Font)              using `TU/lmr/m/n' instead on input line 186.

LaTeX Font Info:    Redeclaring math accent \widetilde on input line 449.
LaTeX Font Info:    Redeclaring math accent \widehat on input line 450.
\symmathdesignA=\mathgroup7
LaTeX Font Info:    Overwriting symbol font `mathdesignA' in version `bold'
(Font)                  MDA/mdbch/m/n --> MDA/mdbch/b/n on input line 491.
\symmathdesignB=\mathgroup8
LaTeX Font Info:    Overwriting symbol font `mathdesignB' in version `bold'
(Font)                  MDB/mdbch/m/n --> MDB/mdbch/b/n on input line 498.
\@emptytoks=\toks19
LaTeX Font Info:    Redeclaring math accent \widetilde on input line 532.
LaTeX Font Info:    Redeclaring math accent \widehat on input line 533.
\rulethickness=\skip49
) ("C:/Users/Dan/AppData/Local/Programs/MiKTeX 2.9/tex/latex/base/fontenc.sty"
Package: fontenc 2018/08/11 v2.0j Standard LaTeX package

("C:/Users/Dan/AppData/Local/Programs/MiKTeX 2.9/tex/latex/base/t1enc.def"
File: t1enc.def 2018/08/11 v2.0j Standard LaTeX file
LaTeX Font Info:    Redeclaring font encoding T1 on input line 48.
)
LaTeX Font Info:    Try loading font information for T1+mdbch on input line 105
.

("C:/Users/Dan/AppData/Local/Programs/MiKTeX 2.9/tex/latex/mathdesign/mdbch/t1m
dbch.fd"
File: t1mdbch.fd 2013/08/29 Fontinst v1.933 font definitions for T1/mdbch.
)
LaTeX Font Info:    Font shape `T1/mdbch/m/n' will be
(Font)              scaled to size 10.51207pt on input line 105.
))
("C:/Users/Dan/AppData/Local/Programs/MiKTeX 2.9/tex/latex/bbding/bbding.sty"
Package: bbding 1999/04/15 v1.01 Dingbats symbols
)
("C:/Users/Dan/AppData/Local/Programs/MiKTeX 2.9/tex/latex/ragged2e/ragged2e.st
y"
Package: ragged2e 2021/02/05 v3.0 ragged2e Package

("C:/Users/Dan/AppData/Local/Programs/MiKTeX 2.9/tex/latex/everysel/everysel.st
y"
Package: everysel 2021/01/20 v2.1 EverySelectfont Package (MS)

("C:/Users/Dan/AppData/Local/Programs/MiKTeX 2.9/tex/latex/everysel/everysel-20
11-10-28.sty"))
\CenteringLeftskip=\skip50
\RaggedLeftLeftskip=\skip51
\RaggedRightLeftskip=\skip52
\CenteringRightskip=\skip53
\RaggedLeftRightskip=\skip54
\RaggedRightRightskip=\skip55
\CenteringParfillskip=\skip56
\RaggedLeftParfillskip=\skip57
\RaggedRightParfillskip=\skip58
\JustifyingParfillskip=\skip59
\CenteringParindent=\skip60
\RaggedLeftParindent=\skip61
\RaggedRightParindent=\skip62
\JustifyingParindent=\skip63
)
("C:/Users/Dan/AppData/Local/Programs/MiKTeX 2.9/tex/latex/parskip/parskip.sty"
Package: parskip 2018-08-24 v2.0a non-zero parskip adjustments

("C:/Users/Dan/AppData/Local/Programs/MiKTeX 2.9/tex/latex/oberdiek/kvoptions.s
ty"
Package: kvoptions 2016/05/16 v3.12 Key value format for package options (HO)

("C:/Users/Dan/AppData/Local/Programs/MiKTeX 2.9/tex/generic/oberdiek/ltxcmds.s
ty"
Package: ltxcmds 2016/05/16 v1.23 LaTeX kernel commands for general use (HO)
)
("C:/Users/Dan/AppData/Local/Programs/MiKTeX 2.9/tex/generic/oberdiek/kvsetkeys
.sty"
Package: kvsetkeys 2016/05/16 v1.17 Key value parser (HO)

("C:/Users/Dan/AppData/Local/Programs/MiKTeX 2.9/tex/generic/oberdiek/infwarerr
.sty"
Package: infwarerr 2016/05/16 v1.4 Providing info/warning/error messages (HO)
)
("C:/Users/Dan/AppData/Local/Programs/MiKTeX 2.9/tex/generic/oberdiek/etexcmds.
sty"
Package: etexcmds 2016/05/16 v1.6 Avoid name clashes with e-TeX commands (HO)

("C:/Users/Dan/AppData/Local/Programs/MiKTeX 2.9/tex/generic/iftex/ifluatex.sty
"
Package: ifluatex 2019/10/25 v1.5 ifluatex legacy package. Use iftex instead.
 ("C:/Users/Dan/AppData/Local/Programs/MiKTeX 2.9/tex/generic/iftex/iftex.sty"
Package: iftex 2020/03/06 v1.0d TeX engine tests
)))))
("C:/Users/Dan/AppData/Local/Programs/MiKTeX 2.9/tex/latex/etoolbox/etoolbox.st
y"
Package: etoolbox 2018/08/19 v2.5f e-TeX tools for LaTeX (JAW)
\etb@tempcnta=\count191
))
("C:/Users/Dan/AppData/Local/Programs/MiKTeX 2.9/tex/latex/enumitem/enumitem.st
y"
Package: enumitem 2019/02/04 v3.8 Customized lists
\labelindent=\skip64
\enit@outerparindent=\dimen138
\enit@toks=\toks20
\enit@inbox=\box46
\enit@count@id=\count192
\enitdp@description=\count193
)
("C:/Users/Dan/AppData/Local/Programs/MiKTeX 2.9/tex/latex/titlesec/titlesec.st
y"
Package: titlesec 2019/10/16 v2.13 Sectioning titles
\ttl@box=\box47
\beforetitleunit=\skip65
\aftertitleunit=\skip66
\ttl@plus=\dimen139
\ttl@minus=\dimen140
\ttl@toksa=\toks21
\titlewidth=\dimen141
\titlewidthlast=\dimen142
\titlewidthfirst=\dimen143
)
("C:/Users/Dan/AppData/Local/Programs/MiKTeX 2.9/tex/latex/paracol/paracol.sty"
Package: paracol 2018/12/31 v1.35 
\pcol@currcol=\count194
\pcol@nextcol=\count195
\pcol@ncol=\count196
\pcol@ncolleft=\count197
\pcol@page=\count198
\pcol@basepage=\count199
\pcol@toppage=\count266
\pcol@footnotebase=\count267
\pcol@nfootnotes=\count268
\pcol@mcid=\count269
\pcol@prevdepth=\dimen144
\pcol@colht=\dimen145
\pcol@textfloatsep=\dimen146
\pcol@lrmargin=\dimen147
\pagerim=\dimen148
\pcol@topskip=\skip67
\belowfootnoteskip=\skip68
\pcol@topfnotes=\box48
\pcol@prespan=\box49
\pcol@rightpage=\box50
\pcol@colorstack@saved=\box51
\pcol@tempboxa=\box52
\pcol@tempboxb=\box53
\pcol@colorins=\insert252
\pcol@everyvbox=\toks22
)
("C:/Users/Dan/AppData/Local/Programs/MiKTeX 2.9/tex/latex/mdframed/mdframed.st
y"
Package: mdframed 2013/07/01 1.9b: mdframed

("C:/Users/Dan/AppData/Local/Programs/MiKTeX 2.9/tex/latex/oberdiek/zref-abspag
e.sty"
Package: zref-abspage 2018/11/21 v2.27 Module abspage for zref (HO)

("C:/Users/Dan/AppData/Local/Programs/MiKTeX 2.9/tex/latex/oberdiek/zref-base.s
ty"
Package: zref-base 2018/11/21 v2.27 Module base for zref (HO)

("C:/Users/Dan/AppData/Local/Programs/MiKTeX 2.9/tex/generic/oberdiek/kvdefinek
eys.sty"
Package: kvdefinekeys 2016/05/16 v1.4 Define keys (HO)
)
("C:/Users/Dan/AppData/Local/Programs/MiKTeX 2.9/tex/generic/oberdiek/pdftexcmd
s.sty"
Package: pdftexcmds 2018/09/10 v0.29 Utility functions of pdfTeX for LuaTeX (HO
)

("C:/Users/Dan/AppData/Local/Programs/MiKTeX 2.9/tex/generic/iftex/ifpdf.sty"
Package: ifpdf 2019/10/25 v3.4 ifpdf legacy package. Use iftex instead.
)
Package pdftexcmds Info: \pdf@primitive is available.
Package pdftexcmds Info: \pdf@ifprimitive is available.
Package pdftexcmds Info: \pdfdraftmode found.
\pdftexcmds@toks=\toks23
) ("C:/Users/Dan/AppData/Local/Programs/MiKTeX 2.9/tex/latex/oberdiek/auxhook.s
ty"
Package: auxhook 2016/05/16 v1.4 Hooks for auxiliary files (HO)
)
Package zref Info: New property list: main on input line 759.
Package zref Info: New property: default on input line 760.
Package zref Info: New property: page on input line 761.
)
("C:/Users/Dan/AppData/Local/Programs/MiKTeX 2.9/tex/generic/atbegshi/atbegshi.
sty"
Package: atbegshi 2019/12/05 v1.19 At begin shipout hook (HO)
)
\c@abspage=\count270
Package zref Info: New property: abspage on input line 62.
)
("C:/Users/Dan/AppData/Local/Programs/MiKTeX 2.9/tex/latex/needspace/needspace.
sty"
Package: needspace 2010/09/12 v1.3d reserve vertical space
)
("C:/Users/Dan/AppData/Local/Programs/MiKTeX 2.9/tex/latex/graphics/color.sty"
Package: color 2016/07/10 v1.1e Standard LaTeX Color (DPC)

("C:/Users/Dan/AppData/Local/Programs/MiKTeX 2.9/tex/latex/graphics-cfg/color.c
fg"
File: color.cfg 2016/01/02 v1.6 sample color configuration
)
Package color Info: Driver file: luatex.def on input line 147.

("C:/Users/Dan/AppData/Local/Programs/MiKTeX 2.9/tex/latex/graphics-def/luatex.
def"
File: luatex.def 2018/01/08 v1.0l Graphics/color driver for luatex
))
\mdf@templength=\skip69
\c@mdf@globalstyle@cnt=\count271
\mdf@skipabove@length=\skip70
\mdf@skipbelow@length=\skip71
\mdf@leftmargin@length=\skip72
\mdf@rightmargin@length=\skip73
\mdf@innerleftmargin@length=\skip74
\mdf@innerrightmargin@length=\skip75
\mdf@innertopmargin@length=\skip76
\mdf@innerbottommargin@length=\skip77
\mdf@splittopskip@length=\skip78
\mdf@splitbottomskip@length=\skip79
\mdf@outermargin@length=\skip80
\mdf@innermargin@length=\skip81
\mdf@linewidth@length=\skip82
\mdf@innerlinewidth@length=\skip83
\mdf@middlelinewidth@length=\skip84
\mdf@outerlinewidth@length=\skip85
\mdf@roundcorner@length=\skip86
\mdf@footenotedistance@length=\skip87
\mdf@userdefinedwidth@length=\skip88
\mdf@needspace@length=\skip89
\mdf@frametitleaboveskip@length=\skip90
\mdf@frametitlebelowskip@length=\skip91
\mdf@frametitlerulewidth@length=\skip92
\mdf@frametitleleftmargin@length=\skip93
\mdf@frametitlerightmargin@length=\skip94
\mdf@shadowsize@length=\skip95
\mdf@extratopheight@length=\skip96
\mdf@subtitleabovelinewidth@length=\skip97
\mdf@subtitlebelowlinewidth@length=\skip98
\mdf@subtitleaboveskip@length=\skip99
\mdf@subtitlebelowskip@length=\skip100
\mdf@subtitleinneraboveskip@length=\skip101
\mdf@subtitleinnerbelowskip@length=\skip102
\mdf@subsubtitleabovelinewidth@length=\skip103
\mdf@subsubtitlebelowlinewidth@length=\skip104
\mdf@subsubtitleaboveskip@length=\skip105
\mdf@subsubtitlebelowskip@length=\skip106
\mdf@subsubtitleinneraboveskip@length=\skip107
\mdf@subsubtitleinnerbelowskip@length=\skip108

("C:/Users/Dan/AppData/Local/Programs/MiKTeX 2.9/tex/latex/mdframed/md-frame-0.
mdf"
File: md-frame-0.mdf 2013/07/01\ 1.9b: md-frame-0
)
\mdf@frametitlebox=\box54
\mdf@footnotebox=\box55
\mdf@splitbox@one=\box56
\mdf@splitbox@two=\box57
\mdf@splitbox@save=\box58
\mdfsplitboxwidth=\skip109
\mdfsplitboxtotalwidth=\skip110
\mdfsplitboxheight=\skip111
\mdfsplitboxdepth=\skip112
\mdfsplitboxtotalheight=\skip113
\mdfframetitleboxwidth=\skip114
\mdfframetitleboxtotalwidth=\skip115
\mdfframetitleboxheight=\skip116
\mdfframetitleboxdepth=\skip117
\mdfframetitleboxtotalheight=\skip118
\mdffootnoteboxwidth=\skip119
\mdffootnoteboxtotalwidth=\skip120
\mdffootnoteboxheight=\skip121
\mdffootnoteboxdepth=\skip122
\mdffootnoteboxtotalheight=\skip123
\mdftotallinewidth=\skip124
\mdfboundingboxwidth=\skip125
\mdfboundingboxtotalwidth=\skip126
\mdfboundingboxheight=\skip127
\mdfboundingboxdepth=\skip128
\mdfboundingboxtotalheight=\skip129
\mdf@freevspace@length=\skip130
\mdf@horizontalwidthofbox@length=\skip131
\mdf@verticalmarginwhole@length=\skip132
\mdf@horizontalspaceofbox=\skip133
\mdfsubtitleheight=\skip134
\mdfsubsubtitleheight=\skip135
\c@mdfcountframes=\count272

****** mdframed patching \endmdf@trivlist

****** -- success******

\mdf@envdepth=\count273
\c@mdf@env@i=\count274
\c@mdf@env@ii=\count275
\c@mdf@zref@counter=\count276
Package zref Info: New property: mdf@pagevalue on input line 895.
)
("C:/Users/Dan/AppData/Local/Programs/MiKTeX 2.9/tex/latex/geometry/geometry.st
y"
Package: geometry 2018/04/16 v5.8 Page Geometry
 ("C:/Users/Dan/AppData/Local/Programs/MiKTeX 2.9/tex/generic/iftex/ifvtex.sty"
Package: ifvtex 2019/10/25 v1.7 ifvtex legacy package. Use iftex instead.
)
("C:/Users/Dan/AppData/Local/Programs/MiKTeX 2.9/tex/generic/iftex/ifxetex.sty"
Package: ifxetex 2019/10/25 v0.7 ifxetex legacy package. Use iftex instead.
)
\Gm@cnth=\count277
\Gm@cntv=\count278
\c@Gm@tempcnt=\count279
\Gm@bindingoffset=\dimen149
\Gm@wd@mp=\dimen150
\Gm@odd@mp=\dimen151
\Gm@even@mp=\dimen152
\Gm@layoutwidth=\dimen153
\Gm@layoutheight=\dimen154
\Gm@layouthoffset=\dimen155
\Gm@layoutvoffset=\dimen156
\Gm@dimlist=\toks24

("C:/Users/Dan/AppData/Local/Programs/MiKTeX 2.9/tex/latex/geometry/geometry.cf
g"))
("C:/Users/Dan/AppData/Local/Programs/MiKTeX 2.9/tex/lualatex/gregoriotex/grego
riotex.sty"
Package: gregoriotex 2021/03/13 v6.0.0 GregorioTeX system.

("C:/Users/Dan/AppData/Local/Programs/MiKTeX 2.9/tex/latex/xcolor/xcolor.sty"
Package: xcolor 2016/05/11 v2.12 LaTeX color extensions (UK)

("C:/Users/Dan/AppData/Local/Programs/MiKTeX 2.9/tex/latex/graphics-cfg/color.c
fg"
File: color.cfg 2016/01/02 v1.6 sample color configuration
)
Package xcolor Info: Driver file: luatex.def on input line 225.
LaTeX Info: Redefining \color on input line 709.
Package xcolor Info: Model `cmy' substituted by `cmy0' on input line 1348.
Package xcolor Info: Model `hsb' substituted by `rgb' on input line 1352.
Package xcolor Info: Model `RGB' extended on input line 1364.
Package xcolor Info: Model `HTML' substituted by `rgb' on input line 1366.
Package xcolor Info: Model `Hsb' substituted by `hsb' on input line 1367.
Package xcolor Info: Model `tHsb' substituted by `hsb' on input line 1368.
Package xcolor Info: Model `HSB' substituted by `hsb' on input line 1369.
Package xcolor Info: Model `Gray' substituted by `gray' on input line 1370.
Package xcolor Info: Model `wave' substituted by `hsb' on input line 1371.
)
("C:/Users/Dan/AppData/Local/Programs/MiKTeX 2.9/tex/latex/oberdiek/luacolor.st
y"
Package: luacolor 2018/11/22 v1.11 Color support via LuaTeX's attributes (HO)
\LuaCol@Attribute=\attribute5
)
("C:/Users/Dan/AppData/Local/Programs/MiKTeX 2.9/tex/latex/graphics/graphicx.st
y"
Package: graphicx 2017/06/01 v1.1a Enhanced LaTeX Graphics (DPC,SPQR)

("C:/Users/Dan/AppData/Local/Programs/MiKTeX 2.9/tex/latex/graphics/graphics.st
y"
Package: graphics 2017/06/25 v1.2c Standard LaTeX Graphics (DPC,SPQR)
 ("C:/Users/Dan/AppData/Local/Programs/MiKTeX 2.9/tex/latex/graphics/trig.sty"
Package: trig 2016/01/03 v1.10 sin cos tan (DPC)
)
("C:/Users/Dan/AppData/Local/Programs/MiKTeX 2.9/tex/latex/graphics-cfg/graphic
s.cfg"
File: graphics.cfg 2016/06/04 v1.11 sample graphics configuration
)
Package graphics Info: Driver file: luatex.def on input line 99.
)
\Gin@req@height=\dimen157
\Gin@req@width=\dimen158
)
("C:/Users/Dan/AppData/Local/Programs/MiKTeX 2.9/tex/luatex/luatexbase/luatexba
se.sty"
Package: luatexbase 2015/10/04 v1.3 luatexbase interface to LuaTeX 

("C:/Users/Dan/AppData/Local/Programs/MiKTeX 2.9/tex/luatex/ctablestack/ctables
tack.sty"
Package: ctablestack 2015/10/01 v1.0 Catcode table stable support
\@catcodetablestackcnt=\count280
)
\CatcodeTableOther=\catcodetable12
\CatcodeTableExpl=\catcodetable13
)
("C:/Users/Dan/AppData/Local/Programs/MiKTeX 2.9/tex/luatex/luamplib/luamplib.s
ty"
Package: luamplib 2018/09/27 v2.12.5 mplib package for LuaTeX
Lua module: luamplib 2018/09/27 2.12.5 Lua package to typeset Metapost with LuaT
eX's MPLib.
\mplibstartlineno=\count281
\everymplibtoks=\toks25
\everyendmplibtoks=\toks26
\mplibscratchbox=\box59
)
("C:/Users/Dan/AppData/Local/Programs/MiKTeX 2.9/tex/latex/xstring/xstring.sty"

("C:/Users/Dan/AppData/Local/Programs/MiKTeX 2.9/tex/generic/xstring/xstring.te
x"
\integerpart=\count282
\decimalpart=\count283
)
Package: xstring 2019/02/06 v1.83 String manipulations (CT)
)
("C:/Users/Dan/AppData/Local/Programs/MiKTeX 2.9/tex/luatex/gregoriotex/gregori
otex-main.tex"
("C:/Users/Dan/AppData/Local/Programs/MiKTeX 2.9/tex/luatex/gregoriotex/gregori
otex-common.tex")
\gre@attr@dash=\attribute6
\gre@attr@center=\attribute7
\GreScoreId=\attribute8
\gre@attr@glyph@id=\attribute9
\gre@attr@glyph@top=\attribute10
\gre@attr@glyph@bottom=\attribute11
\gre@attr@syllable@id=\attribute12
\gre@atletter=\catcodetable14
Lua module: gregoriotex 2021/03/13 6.0.0 GregorioTeX module.
Custom whatsit marker = 1
Module gregoriotex Info: marker whatsit id is 1 on input line 121

(Compline_Office_1.gaux)
Module gregoriotex Info: Reading Compline_Office_1.gaux on input line 125
Inserting `gregoriotex.write_greaux' at position 1 in `finish_pdffile'.
\gre@gaux=\write3
\gre@read@temp=\read2
\gre@factor=\count284

("C:/Users/Dan/AppData/Local/Programs/MiKTeX 2.9/tex/luatex/gregoriotex/gregori
otex-spaces.tex"
\gre@saved@prescore@hyphenpenalty=\count285
\gre@saved@prescore@exhyphenpenalty=\count286
\gre@saved@prescore@exhyphenchar=\count287
\gre@saved@prescore@doublehyphendemerits=\count288
\gre@saved@prescore@finalhyphendemerits=\count289
\gre@saved@prescore@brokenpenalty=\count290
\gre@saved@prescore@looseness=\count291
\gre@saved@prescore@tolerance=\count292
\gre@saved@prescore@pretolerance=\count293
\gre@saved@prescore@emergencystretch=\skip136
\gre@saved@prescore@widowpenalty=\count294
\gre@saved@prescore@clubpenalty=\count295
\gre@saved@prescore@parskip=\skip137
\gre@saved@prescore@lineskip=\skip138
\gre@saved@prescore@baselineskip=\skip139
\gre@saved@prescore@lineskiplimit=\skip140
\gre@dimen@textlower=\dimen159
\gre@dimen@stafflinewidth=\dimen160
\gre@dimen@linewidth=\dimen161
\gre@dimen@stafflineheight=\dimen162
\gre@dimen@interstafflinespace=\dimen163
\gre@dimen@stafflinediff=\dimen164
\gre@dimen@constantglyphraise=\dimen165
\gre@dimen@staffheight=\dimen166
\gre@skip@syllablefinalskip=\skip141
\gre@skip@minTextDistance=\skip142
\gre@skip@minNotesDistance=\skip143
\gre@dimen@curTextDistance=\dimen167
\gre@dimen@curNotesDistance=\dimen168
\gre@skip@minShiftText=\skip144
\gre@skip@minShiftNotes=\skip145
\gre@dimen@bolshift=\dimen169
\gre@dimen@bolextra=\dimen170
\gre@dimen@clefwidth@current=\dimen171
\gre@dimen@clefwidth@largest=\dimen172
\gre@dimen@clefwidth@bol=\dimen173
\gre@dimen@eolshift=\dimen174
\gre@dimen@glyphraisevalue=\dimen175
\gre@dimen@additionalbottomspace=\dimen176
\gre@dimen@additionaltopspace=\dimen177
\gre@dimen@additionaltopspacealt=\dimen178
\gre@dimen@additionaltopspacenabc=\dimen179
\gre@space@count@additionaltopspacethreshold=\count296
\gre@space@count@additionaltopspacealtthreshold=\count297
\gre@space@count@additionaltopspacenabcthreshold=\count298
\gre@space@count@noteadditionalspacelinestextthreshold=\count299
\gre@saved@prediscretionary@dimen@additionalbottomspace=\dimen180
\gre@saved@prediscretionary@dimen@additionaltopspace=\dimen181
\gre@saved@prediscretionary@dimen@additionaltopspacealt=\dimen182
\gre@saved@prediscretionary@dimen@additionaltopspacenabc=\dimen183
\gre@saved@prediscretionary@dimen@currenttranslationheight=\dimen184
\gre@saved@prediscretionary@dimen@textlower=\dimen185
\gre@saved@prediscretionary@dimen@currentabovelinestextheight=\dimen186
\gre@saved@prediscretionary@dimen@constantglyphraise=\dimen187
\gre@dimen@textaligncenter=\dimen188
\gre@dimen@enddifference=\dimen189
\gre@dimen@previousenddifference=\dimen190
\gre@dimen@currenttranslationheight=\dimen191
\gre@skip@nextbegindifference=\skip146
\gre@dimen@annotationtrueraise=\dimen192
\gre@dimen@commentarytrueraise=\dimen193
\gre@skip@bar@requirement=\skip147
\gre@skip@bar@allocation=\skip148
\gre@dimen@bar@shift=\dimen194
\gre@skip@text@requirement=\skip149
\gre@skip@text@allocation=\skip150
\gre@dimen@text@shift=\dimen195
\gre@dimen@adjustedpreviousenddifference=\dimen196
\gre@skip@adjustednextbegindifference=\dimen197
\gre@skip@punctummorashift=\skip151
\gre@skip@alterationshift=\skip152
\gre@dimen@begindifference=\dimen198
\gre@dimen@lastglyphwidth=\dimen199
\gre@dimen@notesaligncenter=\dimen256
\gre@dimen@additionalleftspace=\dimen257
\gre@dimen@initialwidth=\dimen258
\gre@dimen@currentabovelinestextheight=\dimen259
\gre@dimen@temp@one=\dimen260
\gre@dimen@temp@two=\dimen261
\gre@dimen@temp@three=\dimen262
\gre@dimen@temp@four=\dimen263
\gre@dimen@temp@five=\dimen264
\gre@skip@temp@one=\skip153
\gre@skip@temp@two=\skip154
\gre@skip@temp@three=\skip155
\gre@skip@temp@four=\skip156
\gre@count@temp@one=\count300
\gre@count@temp@two=\count301
\gre@count@temp@three=\count302
\gre@space@count@newlinepenalty=\count303
\gre@space@count@nobreakpenalty=\count304
\gre@space@count@endofwordpenalty=\count305
\gre@space@count@endofsyllablepenalty=\count306
\gre@space@count@endafterbarpenalty=\count307
\gre@space@count@endafterbaraltpenalty=\count308
\gre@space@count@finalpenalty=\count309
\gre@space@count@endofelementpenalty=\count310
\gre@space@count@hyphenpenalty=\count311
\gre@space@count@brokenpenalty=\count312
\gre@space@count@looseness=\count313
\gre@space@count@tolerance=\count314
\gre@space@count@pretolerance=\count315
\gre@space@count@widowpenalty=\count316
\gre@space@count@clubpenalty=\count317
\greconffactor=\count318
)
\gre@box@temp@width=\box60
\gre@box@initial=\box61
\gre@biginitial=\count319
\gre@knownline=\count320
\gre@box@annotation=\box62
\gre@box@add=\box63
\gre@box@old=\box64
\gre@count@annotationvalign=\count321
\gre@box@commentary=\box65
\gre@box@lines=\box66
Module gregoriotex Info: Registering variant font greciliae as gre@font@variant@
A. on input line 987
Module gregoriotex Info: Registering variant font greciliae-hollow as gre@font@v
ariant@B. on input line 987
Module gregoriotex Info: Registering variant font greciliae-hole as gre@font@var
iant@C. on input line 987
luaotfload | cache : Lookup cache loaded from C:/Users/Dan/AppData/Local/MiKTeX/
2.9/luatex-cache/generic/names/luaotfload-lookup-cache.luc.
Module gregoriotex Info: Mapping font greciliae on input line 992
Module gregoriotex Info: Mapping font greciliae-hollow on input line 992
Module gregoriotex Info: Mapping font greciliae-hole on input line 992

("C:/Users/Dan/AppData/Local/Programs/MiKTeX 2.9/tex/luatex/gregoriotex/gregori
otex-chars.tex"
\gre@box@hep=\box67
)
("C:/Users/Dan/AppData/Local/Programs/MiKTeX 2.9/tex/luatex/gregoriotex/gregori
otex-signs.tex"
\gre@box@temp@clef=\box68
\gre@box@temp@cleftwo=\box69
\greslurheight=\dimen265
\gre@box@temp@sign=\box70
\gre@count@shiftaftermora=\count322
\gre@dimen@morawidth=\dimen266
\gre@skip@bar@lastskip=\skip157
\gre@count@lastglyphiscavum=\count323
)
("C:/Users/Dan/AppData/Local/Programs/MiKTeX 2.9/tex/luatex/gregoriotex/gregori
otex-syllable.tex"
\gre@generate@pointandclick=\count324
\gre@box@syllablenotes=\box71
\gre@box@syllabletext=\box72
\gre@clivisalignment=\count325
\gre@count@unbreakabletotalnotes=\count326
\gre@count@unbreakableinitialnotes=\count327
\gre@count@unbreakablefinalnotes=\count328
\gre@count@syllablenotes=\count329
)
\gre@variableheightexpansion=\count330
\gre@lastoflinecount=\count331
\gre@saved@prenlba@nobreakpenalty=\count332
\gre@saved@prenlba@endofwordpenalty=\count333
\gre@saved@prenlba@endofsyllablepenalty=\count334
\gre@saved@prenlba@endafterbarpenalty=\count335
\gre@saved@prenlba@endafterbaraltpenalty=\count336
\gre@saved@prenlba@endofelementpenalty=\count337
\gre@saved@prenlba@hyphenpenalty=\count338
\gre@lasteuouaeindex=\count339

("C:/Users/Dan/AppData/Local/Programs/MiKTeX 2.9/tex/luatex/gregoriotex/gregori
otex-symbols.tex"
Module gregoriotex Info: Registering variant font greextra as gre@font@variant@D
. on input line 53
)
\gre@dimen@stafflinethicknessbase=\dimen267
\gre@dimen@glyphraisebase=\dimen268
\gre@dimen@interstafflinedistancebase=\dimen269
\gre@dimen@inclinatumonlinemoravshiftbase=\dimen270
\gre@dimen@inclinatumonlinemorahshiftbase=\dimen271
\gre@dimen@inclinatumofflinemorahshiftbase=\dimen272

("C:/Users/Dan/AppData/Local/Programs/MiKTeX 2.9/tex/luatex/gregoriotex/gregori
otex-gsp-default.tex")
("C:/Users/Dan/AppData/Local/Programs/MiKTeX 2.9/tex/luatex/gregoriotex/gregori
otex-nabc.tex"))) (./Compline_Office_1.aux)
\openout1 = Compline_Office_1.aux

LaTeX Font Info:    Checking defaults for OML/cmm/m/it on input line 110.
LaTeX Font Info:    ... okay on input line 110.
LaTeX Font Info:    Checking defaults for T1/cmr/m/n on input line 110.
LaTeX Font Info:    ... okay on input line 110.
LaTeX Font Info:    Checking defaults for OT1/cmr/m/n on input line 110.
LaTeX Font Info:    ... okay on input line 110.
LaTeX Font Info:    Checking defaults for OMS/cmsy/m/n on input line 110.
LaTeX Font Info:    ... okay on input line 110.
LaTeX Font Info:    Checking defaults for TU/lmr/m/n on input line 110.
LaTeX Font Info:    ... okay on input line 110.
LaTeX Font Info:    Checking defaults for OMX/cmex/m/n on input line 110.
LaTeX Font Info:    ... okay on input line 110.
LaTeX Font Info:    Checking defaults for U/cmr/m/n on input line 110.
LaTeX Font Info:    ... okay on input line 110.
LaTeX Font Info:    Checking defaults for MDA/cmr/m/n on input line 110.
LaTeX Font Info:    Try loading font information for MDA+cmr on input line 110.


("C:/Users/Dan/AppData/Local/Programs/MiKTeX 2.9/tex/latex/mathdesign/mdacmr.fd
"
File: mdacmr.fd 
)
LaTeX Font Info:    ... okay on input line 110.
LaTeX Font Info:    Checking defaults for MDB/cmr/m/n on input line 110.
LaTeX Font Info:    Try loading font information for MDB+cmr on input line 110.


("C:/Users/Dan/AppData/Local/Programs/MiKTeX 2.9/tex/latex/mathdesign/mdbcmr.fd
"
File: mdbcmr.fd 
)
LaTeX Font Info:    ... okay on input line 110.
 ABD: EverySelectfont initializing macros
LaTeX Info: Redefining \selectfont on input line 110.
\AtBeginShipoutBox=\box73

("C:/Users/Dan/AppData/Local/Programs/MiKTeX 2.9/tex/context/base/supp-pdf.mkii
"
[Loading MPS to PDF converter (version 2006.09.02).]
\scratchcounter=\count340
\scratchdimen=\dimen273
\scratchbox=\box74
\nofMPsegments=\count341
\nofMParguments=\count342
\everyMPshowfont=\toks27
\MPscratchCnt=\count343
\MPscratchDim=\dimen274
\MPnumerator=\count344
\makeMPintoPDFobject=\count345
\everyMPtoPDFconversion=\toks28
)
("C:/Users/Dan/AppData/Local/Programs/MiKTeX 2.9/tex/latex/epstopdf-pkg/epstopd
f-base.sty"
Package: epstopdf-base 2020-01-24 v2.11 Base part for package epstopdf
Package epstopdf-base Info: Redefining graphics rule for `.eps' on input line 4
85.

("C:/Users/Dan/AppData/Local/Programs/MiKTeX 2.9/tex/latex/00miktex/epstopdf-sy
s.cfg"
File: epstopdf-sys.cfg 2021/03/18 v2.0 Configuration of epstopdf for MiKTeX
))
*geometry* driver: auto-detecting
*geometry* detected driver: luatex
*geometry* verbose mode - [ preamble ] result:
* driver: luatex
* paper: <default>
* layout: <same size as paper>
* layoutoffset:(h,v)=(0.0pt,0.0pt)
* modes: twoside 
* h-part:(L,W,R)=(72.26999pt, 469.75502pt, 72.26999pt)
* v-part:(T,H,B)=(72.26999pt, 650.43001pt, 72.26999pt)
* \paperwidth=614.295pt
* \paperheight=794.96999pt
* \textwidth=469.75502pt
* \textheight=650.43001pt
* \oddsidemargin=0.0pt
* \evensidemargin=0.0pt
* \topmargin=-37.0pt
* \headheight=12.0pt
* \headsep=25.0pt
* \topskip=11.0pt
* \footskip=30.0pt
* \marginparwidth=113.0pt
* \marginparsep=10.0pt
* \columnsep=10.0pt
* \skip\footins=10.0pt plus 4.0pt minus 2.0pt
* \hoffset=0.0pt
* \voffset=0.0pt
* \mag=1000
* \@twocolumnfalse
* \@twosidetrue
* \@mparswitchtrue
* \@reversemarginfalse
* (1in=72.27pt=25.4mm, 1cm=28.453pt)

LaTeX Font Info:    Font shape `T1/mdbch/m/n' will be
(Font)              scaled to size 16.58891pt on input line 115.
LaTeX Font Info:    Font shape `T1/mdbch/m/n' will be
(Font)              scaled to size 11.52008pt on input line 115.
LaTeX Font Info:    Try loading font information for OT1+mdbch on input line 11
5.

("C:/Users/Dan/AppData/Local/Programs/MiKTeX 2.9/tex/latex/mathdesign/mdbch/ot1
mdbch.fd"
File: ot1mdbch.fd 2013/08/29 Fontinst v1.933 font definitions for OT1/mdbch.
)
LaTeX Font Info:    Font shape `OT1/mdbch/m/n' will be
(Font)              scaled to size 11.52008pt on input line 115.
LaTeX Font Info:    Font shape `OT1/mdbch/m/n' will be
(Font)              scaled to size 7.68005pt on input line 115.
LaTeX Font Info:    Font shape `OT1/mdbch/m/n' will be
(Font)              scaled to size 5.76004pt on input line 115.
LaTeX Font Info:    Try loading font information for OML+mdbch on input line 11
5.

("C:/Users/Dan/AppData/Local/Programs/MiKTeX 2.9/tex/latex/mathdesign/mdbch/oml
mdbch.fd"
File: omlmdbch.fd 2013/08/29 Fontinst v1.933 font definitions for OML/mdbch.
)
LaTeX Font Info:    Font shape `OML/mdbch/m/it' will be
(Font)              scaled to size 11.52008pt on input line 115.
LaTeX Font Info:    Font shape `OML/mdbch/m/it' will be
(Font)              scaled to size 7.68005pt on input line 115.
LaTeX Font Info:    Font shape `OML/mdbch/m/it' will be
(Font)              scaled to size 5.76004pt on input line 115.
LaTeX Font Info:    Try loading font information for OMS+mdbch on input line 11
5.

("C:/Users/Dan/AppData/Local/Programs/MiKTeX 2.9/tex/latex/mathdesign/mdbch/oms
mdbch.fd"
File: omsmdbch.fd 2013/08/29 Fontinst v1.933 font definitions for OMS/mdbch.
)
LaTeX Font Info:    Font shape `OMS/mdbch/m/n' will be
(Font)              scaled to size 11.52008pt on input line 115.
LaTeX Font Info:    Font shape `OMS/mdbch/m/n' will be
(Font)              scaled to size 7.68005pt on input line 115.
LaTeX Font Info:    Font shape `OMS/mdbch/m/n' will be
(Font)              scaled to size 5.76004pt on input line 115.
LaTeX Font Info:    Try loading font information for OMX+mdbch on input line 11
5.

("C:/Users/Dan/AppData/Local/Programs/MiKTeX 2.9/tex/latex/mathdesign/mdbch/omx
mdbch.fd"
File: omxmdbch.fd 2013/08/29 Fontinst v1.933 font definitions for OMX/mdbch.
)
LaTeX Font Info:    Font shape `OMX/mdbch/m/n' will be
(Font)              scaled to size 11.52008pt on input line 115.
LaTeX Font Info:    Font shape `OMX/mdbch/m/n' will be
(Font)              scaled to size 7.68005pt on input line 115.
LaTeX Font Info:    Font shape `OMX/mdbch/m/n' will be
(Font)              scaled to size 5.76004pt on input line 115.
LaTeX Font Info:    Font shape `OML/mdbch/m/n' will be
(Font)              scaled to size 11.52008pt on input line 115.
LaTeX Font Info:    Font shape `OML/mdbch/m/n' will be
(Font)              scaled to size 7.68005pt on input line 115.
LaTeX Font Info:    Font shape `OML/mdbch/m/n' will be
(Font)              scaled to size 5.76004pt on input line 115.
LaTeX Font Info:    Try loading font information for MDA+mdbch on input line 11
5.

("C:/Users/Dan/AppData/Local/Programs/MiKTeX 2.9/tex/latex/mathdesign/mdbch/mda
mdbch.fd"
File: mdamdbch.fd 2013/08/29 Fontinst v1.933 font definitions for MDA/mdbch.
)
LaTeX Font Info:    Font shape `MDA/mdbch/m/n' will be
(Font)              scaled to size 11.52008pt on input line 115.
LaTeX Font Info:    Font shape `MDA/mdbch/m/n' will be
(Font)              scaled to size 7.68005pt on input line 115.
LaTeX Font Info:    Font shape `MDA/mdbch/m/n' will be
(Font)              scaled to size 5.76004pt on input line 115.
LaTeX Font Info:    Try loading font information for MDB+mdbch on input line 11
5.

("C:/Users/Dan/AppData/Local/Programs/MiKTeX 2.9/tex/latex/mathdesign/mdbch/mdb
mdbch.fd"
File: mdbmdbch.fd 2013/08/29 Fontinst v1.933 font definitions for MDB/mdbch.
)
LaTeX Font Info:    Font shape `MDB/mdbch/m/n' will be
(Font)              scaled to size 11.52008pt on input line 115.
LaTeX Font Info:    Font shape `MDB/mdbch/m/n' will be
(Font)              scaled to size 7.68005pt on input line 115.
LaTeX Font Info:    Font shape `MDB/mdbch/m/n' will be
(Font)              scaled to size 5.76004pt on input line 115.


LaTeX Warning: No \author given.

[1

{C:/Users/Dan/AppData/Local/MiKTeX/2.9/pdftex/config/pdftex.map}]
LaTeX Font Info:    Font shape `T1/mdbch/m/it' will be
(Font)              scaled to size 10.51207pt on input line 119.
 [2]
LaTeX Font Info:    Font shape `T1/mdbch/m/n' will be
(Font)              scaled to size 19.91054pt on input line 125.
LaTeX Font Info:    Font shape `T1/mdbch/m/fsc' will be
(Font)              scaled to size 19.91054pt on input line 125.
LaTeX Font Info:    Font shape `T1/mdbch/m/n' will be
(Font)              scaled to size 13.82408pt on input line 127.
LaTeX Font Info:    Font shape `T1/mdbch/b/n' will be
(Font)              scaled to size 13.82408pt on input line 127.
LaTeX Font Info:    Font shape `OT1/mdbch/m/n' will be
(Font)              scaled to size 10.51207pt on input line 142.
LaTeX Font Info:    Font shape `OML/mdbch/m/it' will be
(Font)              scaled to size 10.51207pt on input line 142.
LaTeX Font Info:    Font shape `OMS/mdbch/m/n' will be
(Font)              scaled to size 10.51207pt on input line 142.
LaTeX Font Info:    Font shape `OMX/mdbch/m/n' will be
(Font)              scaled to size 10.51207pt on input line 142.
LaTeX Font Info:    Font shape `OML/mdbch/m/n' will be
(Font)              scaled to size 10.51207pt on input line 142.
LaTeX Font Info:    Font shape `MDA/mdbch/m/n' will be
(Font)              scaled to size 10.51207pt on input line 142.
LaTeX Font Info:    Font shape `MDB/mdbch/m/n' will be
(Font)              scaled to size 10.51207pt on input line 142.

Overfull \hbox (1.41939pt too wide) in paragraph at lines 142--142
\T1/mdbch/m/n/10.95 nomen sanc-tum tuum: [] munda quoque cor meum
 []


Overfull \hbox (5.72287pt too wide) in paragraph at lines 142--142
\T1/mdbch/m/n/10.95 ab óm-nibus va-nis, per-vér-sis et al-ié-nis cog-i-tati
ónibus;
 []


Overfull \hbox (3.84752pt too wide) in paragraph at lines 142--142
\T1/mdbch/m/n/10.95 at-ténte ac de-vóte hoc Of-fí-cium beátæ Vírgi-nis Ma
ríæ
 []


Overfull \hbox (0.73952pt too wide) in paragraph at lines 142--142
\T1/mdbch/m/n/10.95 tum di-vínæ Ma-jestátis tuæ. Per Chris-tum Dóminum
 []


Overfull \hbox (3.81592pt too wide) in paragraph at lines 142--143
\T1/mdbch/m/it/10.95 and de-voutly say this Of-fice of the Blessed Vir-gin Mary
,
 []

Module gregoriotex Info: Processing gabc snippet... on input line 172
Module gregoriotex Info: will use gregorio on input line 172
Inserting `gregoriotex.post_linebreak' at position 1 in `post_linebreak_filter'.
Inserting `gregoriotex.disable_hyphenation' at position 1 in `hyphenate'.
LaTeX Font Info:    Font shape `T1/mdbch/m/n' will be
(Font)              scaled to size 8.64006pt on input line 13.
LaTeX Font Info:    Font shape `T1/mdbch/m/it' will be
(Font)              scaled to size 8.64006pt on input line 13.
Removing  `gregoriotex.post_linebreak' from `post_linebreak_filter'.
Removing  `gregoriotex.disable_hyphenation' from `hyphenate'.
LaTeX Font Info:    Font shape `T1/mdbch/m/it' will be
(Font)              scaled to size 9.60007pt on input line 172.
[3

]
Module gregoriotex Info: Processing gabc snippet... on input line 188
Inserting `gregoriotex.post_linebreak' at position 1 in `post_linebreak_filter'.
Inserting `gregoriotex.disable_hyphenation' at position 1 in `hyphenate'.
Removing  `gregoriotex.post_linebreak' from `post_linebreak_filter'.
Removing  `gregoriotex.disable_hyphenation' from `hyphenate'.
Module gregoriotex Info: Processing gabc snippet... on input line 200
Inserting `gregoriotex.post_linebreak' at position 1 in `post_linebreak_filter'.
Inserting `gregoriotex.disable_hyphenation' at position 1 in `hyphenate'.
Removing  `gregoriotex.post_linebreak' from `post_linebreak_filter'.
Removing  `gregoriotex.disable_hyphenation' from `hyphenate'.
Module gregoriotex Info: Looking in  on input line 215
Module gregoriotex Info: Found fratres_sobrii_estote.gabc directly on input line
 215
Module gregoriotex Info: Looking in  on input line 215
Module gregoriotex Info: Found fratres_sobrii_estote-6_0_0.gtex directly on inpu
t line 215
 (./fratres_sobrii_estote-6_0_0.gtex
Inserting `gregoriotex.post_linebreak' at position 1 in `post_linebreak_filter'.
Inserting `gregoriotex.disable_hyphenation' at position 1 in `hyphenate'.
Removing  `gregoriotex.post_linebreak' from `post_linebreak_filter'.
Removing  `gregoriotex.disable_hyphenation' from `hyphenate'.)
Module gregoriotex Info: Processing gabc snippet... on input line 228
Inserting `gregoriotex.post_linebreak' at position 1 in `post_linebreak_filter'.
Inserting `gregoriotex.disable_hyphenation' at position 1 in `hyphenate'.
Removing  `gregoriotex.post_linebreak' from `post_linebreak_filter'.
Removing  `gregoriotex.disable_hyphenation' from `hyphenate'. [4]
Overfull \hbox (1.1543pt too wide) in paragraph at lines 251--252
[]\T1/mdbch/m/it/10.95 Our Fa-ther, who art in heaven, hal-lowed be thy name.
 []


Underfull \hbox (badness 10000) in paragraph at lines 271--272

 []


Underfull \hbox (badness 10000) in paragraph at lines 285--285
\T1/mdbch/m/n/10.95 Bap-tístæ, sanc-tis Após-to-lis Petro et Paulo,
 []


Underfull \hbox (badness 10000) in paragraph at lines 285--285
\T1/mdbch/m/n/10.95 mea
 []


Underfull \hbox (badness 10000) in paragraph at lines 285--285
\T1/mdbch/m/n/10.95 beá-tam Maríam sem-per Vírginem, beá-tum
 []


Underfull \hbox (badness 10000) in paragraph at lines 285--286

 []


Underfull \hbox (badness 10000) in paragraph at lines 298--299

 []

[5]
Overfull \hbox (2.24336pt too wide) in paragraph at lines 327--327
\T1/mdbch/m/n/10.95 nibus Sanc-tis: quia pec-cávi nimis cog-i-tatióne, verbo
 []

[6]
Module gregoriotex Info: Processing gabc snippet... on input line 360
Inserting `gregoriotex.post_linebreak' at position 1 in `post_linebreak_filter'.
Inserting `gregoriotex.disable_hyphenation' at position 1 in `hyphenate'.
Removing  `gregoriotex.post_linebreak' from `post_linebreak_filter'.
Removing  `gregoriotex.disable_hyphenation' from `hyphenate'.
Module gregoriotex Info: Processing gabc snippet... on input line 369
Inserting `gregoriotex.post_linebreak' at position 1 in `post_linebreak_filter'.
Inserting `gregoriotex.disable_hyphenation' at position 1 in `hyphenate'.
Removing  `gregoriotex.post_linebreak' from `post_linebreak_filter'.
Removing  `gregoriotex.disable_hyphenation' from `hyphenate'.
Module gregoriotex Info: Looking in  on input line 385
Module gregoriotex Info: Found deus_in_adjutorium_compline.gabc directly on inpu
t line 385
Module gregoriotex Info: Looking in  on input line 385
Module gregoriotex Info: Found deus_in_adjutorium_compline-6_0_0.gtex directly o
n input line 385
 (./deus_in_adjutorium_compline-6_0_0.gtex
Inserting `gregoriotex.post_linebreak' at position 1 in `post_linebreak_filter'.
Inserting `gregoriotex.disable_hyphenation' at position 1 in `hyphenate'.
LaTeX Font Info:    Font shape `T1/mdbch/m/n' will be
(Font)              scaled to size 38.40027pt on input line 16.
Removing  `gregoriotex.post_linebreak' from `post_linebreak_filter'.
Removing  `gregoriotex.disable_hyphenation' from `hyphenate'.)
Module gregoriotex Info: Processing gabc snippet... on input line 397
Inserting `gregoriotex.post_linebreak' at position 1 in `post_linebreak_filter'.
Inserting `gregoriotex.disable_hyphenation' at position 1 in `hyphenate'.
Removing  `gregoriotex.post_linebreak' from `post_linebreak_filter'.
Removing  `gregoriotex.disable_hyphenation' from `hyphenate'. [7

]
Module gregoriotex Info: Looking in  on input line 453
Module gregoriotex Info: Found psalm_128_1_compline.gabc directly on input line 
453
Module gregoriotex Info: Looking in  on input line 453
Module gregoriotex Info: Found psalm_128_1_compline-6_0_0.gtex directly on input
 line 453

(./psalm_128_1_compline-6_0_0.gtex
Inserting `gregoriotex.post_linebreak' at position 1 in `post_linebreak_filter'.
Inserting `gregoriotex.disable_hyphenation' at position 1 in `hyphenate'.
LaTeX Font Info:    Font shape `T1/mdbch/b/n' will be
(Font)              scaled to size 10.51207pt on input line 23.
Removing  `gregoriotex.post_linebreak' from `post_linebreak_filter'.
Removing  `gregoriotex.disable_hyphenation' from `hyphenate'.)
Overfull \hbox (1.12253pt too wide) in paragraph at lines 453--453
[]\T1/mdbch/m/it/10 6. Where-with the mower fil-leth not
 []

LaTeX Font Info:    Font shape `T1/mdbch/m/n' will be
(Font)              scaled to size 9.60007pt on input line 513.
[8]
Module gregoriotex Info: Looking in  on input line 580
Module gregoriotex Info: Found memento_rerum_conditor.gabc directly on input lin
e 580
Module gregoriotex Info: Looking in  on input line 580
Module gregoriotex Info: Found memento_rerum_conditor-6_0_0.gtex directly on inp
ut line 580
 (./memento_rerum_conditor-6_0_0.gtex
Inserting `gregoriotex.post_linebreak' at position 1 in `post_linebreak_filter'.
Inserting `gregoriotex.disable_hyphenation' at position 1 in `hyphenate'.
Overfull \hbox (8.45567pt too wide) detected at line 178
|
 []


Overfull \hbox (8.45567pt too wide) detected at line 439
|
 []


Overfull \hbox (8.45567pt too wide) detected at line 704
|
 []

Removing  `gregoriotex.post_linebreak' from `post_linebreak_filter'.
Removing  `gregoriotex.disable_hyphenation' from `hyphenate'.)
Overfull \hbox (7.66083pt too wide) in paragraph at lines 580--580
\T1/mdbch/m/it/10 That once the form of our flesh, From
 []


Overfull \hbox (10.19519pt too wide) in paragraph at lines 580--580
\T1/mdbch/m/it/10 the Vir-gin's sa-cred womb, Be-ing born,
 []

[9] [10] [11

] [12

] [13

] [14

]
Underfull \hbox (badness 10000) in paragraph at lines 634--634
[]\T1/mdbch/m/n/10.95 Sacrosánctæ et in-di-ví-duæ Trinitáti, Cru-cifíxi
 []


Underfull \hbox (badness 3503) in paragraph at lines 634--634
[][][]\T1/mdbch/m/n/10.95 R. Et beáta úbera quæ lac-tavérunt Chris-tum
 []


Overfull \hbox (2.57974pt too wide) in paragraph at lines 634--634
\T1/mdbch/m/it/10.95 ity, to the Hu-man-ity of our cru-ci-fied Lord Je-sus Chri
st,
 []


Overfull \hbox (1.1543pt too wide) in paragraph at lines 650--651
[]\T1/mdbch/m/it/10.95 Our Fa-ther, who art in heaven, hal-lowed be thy name.
 []

[15

] [16] (./Compline_Office_1.aux)

LaTeX Font Warning: Some font shapes were not available, defaults substituted.

)

Here is how much of LuaTeX's memory you used:
 39412 strings out of 494385
 156265,794899 words of node,token memory allocated
 1777 words of node memory still in use:
   4 hlist, 1 vlist, 1 rule, 2 glue, 62 kern, 3 glyph, 185 attribute, 173 glue_s
pec, 35 attribute_list, 1 write, 1 user_defined nodes
   avail lists: 1:2,2:15017,3:2756,4:16,5:3747,6:325,7:5470,8:5,9:4595,10:15,11:
270
 42873 multiletter control sequences out of 65536+600000
 133 fonts using 14137311 bytes
 49i,6n,68p,1205b,3001s stack positions out of 5000i,500n,10000p,200000b,80000s
<C:/Users/Dan/AppData/Local/Programs/MiKTeX 2.9/fonts/truetype/public/gregoriote
x/greciliae-hollow.ttf><C:/Users/Dan/AppData/Local/Programs/MiKTeX 2.9/fonts/tru
etype/public/gregoriotex/greciliae-hole.ttf><C:/Users/Dan/AppData/Local/Programs
/MiKTeX 2.9/fonts/truetype/public/gregoriotex/greextra.ttf><C:/Users/Dan/AppData
/Local/Programs/MiKTeX 2.9/fonts/truetype/public/gregoriotex/greciliae.ttf>{C:/U
sers/Dan/AppData/Local/Programs/MiKTeX 2.9/fonts/enc/dvips/ly1/texnansi.enc}<C:/
Users/Dan/AppData/Local/Programs/MiKTeX 2.9/fonts/type1/bitstrea/charter/bchb8a.
pfb><C:/Users/Dan/AppData/Local/Programs/MiKTeX 2.9/fonts/type1/bitstrea/charter
/bchr8a.pfb><C:/Users/Dan/AppData/Local/Programs/MiKTeX 2.9/fonts/type1/bitstrea
/charter/bchri8a.pfb><C:/Users/Dan/AppData/Local/Programs/MiKTeX 2.9/fonts/type1
/mathdesign/mdbch/md-chri8t.pfb><C:/Users/Dan/AppData/Local/Programs/MiKTeX 2.9/
fonts/type1/mathdesign/mdbch/md-chrma.pfb>
Output written on Compline_Office_1.pdf (16 pages, 108086 bytes).

PDF statistics: 102 PDF objects out of 1000 (max. 8388607)
 0 named destinations out of 1000 (max. 131072)
 1 words of extra memory for PDF output out of 10000 (max. 100000000)

